<?xml version="1.0" encoding="UTF-8"?>
<!-- Generated by org.testng.reporters.JUnitXMLReporter -->
<testsuite ignored="0" hostname="DESKTOP-BTIVP0I" failures="3" tests="4" name="Free CRM App Test Cases" time="109.0" errors="0" timestamp="2021-02-25T10:43:13 IST">
  <testcase classname="com.crm.qa.testcases.LoginPageTest" name="loginTest" time="0.574"/>
  <testcase classname="com.crm.qa.testcases.LoginPageTest" name="loginPageTitleTest" time="0.185">
    <failure type="java.lang.AssertionError" message="expected [ © 2014 Madison Island. All Rights Reserved.] but found [© 2014 Madison Island. All Rights Reserved.]">
      <![CDATA[java.lang.AssertionError: expected [ © 2014 Madison Island. All Rights Reserved.] but found [© 2014 Madison Island. All Rights Reserved.]
at com.crm.qa.testcases.LoginPageTest.loginPageTitleTest(LoginPageTest.java:29)
at java.base/java.util.ArrayList.forEach(ArrayList.java:1540)
... Removed 33 stack frames]]>
    </failure>
  </testcase> <!-- loginPageTitleTest -->
  <testcase classname="com.crm.qa.testcases.HomePageTest" name="verifyHomePageTitleTest" time="0.027">
    <failure type="java.lang.NullPointerException">
      <![CDATA[java.lang.NullPointerException
at com.crm.qa.testcases.HomePageTest.verifyHomePageTitleTest(HomePageTest.java:36)
at java.base/java.util.ArrayList.forEach(ArrayList.java:1540)
... Removed 27 stack frames]]>
    </failure>
  </testcase> <!-- verifyHomePageTitleTest -->
  <testcase classname="com.crm.qa.testcases.HomePageTest" name="verifyUserNameTest" time="40.48">
    <failure type="org.openqa.selenium.NoSuchFrameException" message="No frame element found by name or id mainpanel
Build info: version: &amp;apos;3.14.0&amp;apos;, revision: &amp;apos;aacccce0&amp;apos;, time: &amp;apos;2018-08-02T20:19:58.91Z&amp;apos;
System info: host: &amp;apos;DESKTOP-BTIVP0I&amp;apos;, ip: &amp;apos;192.168.43.8&amp;apos;, os.name: &amp;apos;Windows 10&amp;apos;, os.arch: &amp;apos;amd64&amp;apos;, os.version: &amp;apos;10.0&amp;apos;, java.version: &amp;apos;12.0.1&amp;apos;
Driver info: driver.version: unknown">
      <![CDATA[org.openqa.selenium.NoSuchFrameException: No frame element found by name or id mainpanel
Build info: version: '3.14.0', revision: 'aacccce0', time: '2018-08-02T20:19:58.91Z'
System info: host: 'DESKTOP-BTIVP0I', ip: '192.168.43.8', os.name: 'Windows 10', os.arch: 'amd64', os.version: '10.0', java.version: '12.0.1'
Driver info: driver.version: unknown
at org.openqa.selenium.remote.RemoteWebDriver$RemoteTargetLocator.frame(RemoteWebDriver.java:881)
at com.crm.qa.util.TestUtil.switchToFrame(TestUtil.java:32)
at com.crm.qa.testcases.HomePageTest.verifyUserNameTest(HomePageTest.java:42)
at java.base/java.util.ArrayList.forEach(ArrayList.java:1540)
... Removed 27 stack frames]]>
    </failure>
  </testcase> <!-- verifyUserNameTest -->
</testsuite> <!-- Free CRM App Test Cases -->
